<?xml version="1.0" encoding="UTF-8"?>
<testsuite name="com.aor.numbers.ListFiltererTest" tests="2" skipped="0" failures="0" errors="0" timestamp="2022-10-11T17:00:26" hostname="DESKTOP-LVI5H8M" time="0.003">
  <properties/>
  <testcase name="divisible()" classname="com.aor.numbers.ListFiltererTest" time="0.001"/>
  <testcase name="positive()" classname="com.aor.numbers.ListFiltererTest" time="0.002"/>
  <system-out><![CDATA[]]></system-out>
  <system-err><![CDATA[]]></system-err>
</testsuite>
