<?xml version="1.0" encoding="UTF-8"?>
<testsuite name="com.aor.numbers.DivisibleByFilterTest" tests="3" skipped="0" failures="0" errors="0" timestamp="2022-10-18T08:41:27" hostname="FEUP-B103D03" time="0.015">
  <properties/>
  <testcase name="divisible()" classname="com.aor.numbers.DivisibleByFilterTest" time="0.013"/>
  <testcase name="division_by_zero()" classname="com.aor.numbers.DivisibleByFilterTest" time="0.001"/>
  <testcase name="non_divisible()" classname="com.aor.numbers.DivisibleByFilterTest" time="0.001"/>
  <system-out><![CDATA[]]></system-out>
  <system-err><![CDATA[]]></system-err>
</testsuite>
