<?xml version="1.0" encoding="UTF-8"?>
<testsuite name="com.aor.numbers.ListAggregatorSpockTest" tests="6" skipped="0" failures="0" errors="0" timestamp="2022-11-08T23:59:35" hostname="DESKTOP-LVI5H8M" time="0.049">
  <properties/>
  <testcase name="testing: sum" classname="com.aor.numbers.ListAggregatorSpockTest" time="0.006"/>
  <testcase name="testing: max" classname="com.aor.numbers.ListAggregatorSpockTest" time="0.002"/>
  <testcase name="testing: min" classname="com.aor.numbers.ListAggregatorSpockTest" time="0.001"/>
  <testcase name="testing: distinct" classname="com.aor.numbers.ListAggregatorSpockTest" time="0.008"/>
  <testcase name="testing: max bug 7263" classname="com.aor.numbers.ListAggregatorSpockTest" time="0.0"/>
  <testcase name="testing: distinct bug 8726" classname="com.aor.numbers.ListAggregatorSpockTest" time="0.032"/>
  <system-out><![CDATA[]]></system-out>
  <system-err><![CDATA[]]></system-err>
</testsuite>
