<?xml version="1.0" encoding="UTF-8"?>
<testsuite name="com.aor.numbers.ListFiltererSpockTest" tests="1" skipped="0" failures="0" errors="0" timestamp="2022-11-08T23:59:35" hostname="DESKTOP-LVI5H8M" time="0.011">
  <properties/>
  <testcase name="testing: filter" classname="com.aor.numbers.ListFiltererSpockTest" time="0.011"/>
  <system-out><![CDATA[]]></system-out>
  <system-err><![CDATA[]]></system-err>
</testsuite>
