<?xml version="1.0" encoding="UTF-8"?>
<testsuite name="com.aor.numbers.ListFiltererTest" tests="2" skipped="0" failures="0" errors="0" timestamp="2022-10-18T08:41:28" hostname="FEUP-B103D03" time="0.002">
  <properties/>
  <testcase name="divisible()" classname="com.aor.numbers.ListFiltererTest" time="0.001"/>
  <testcase name="positive()" classname="com.aor.numbers.ListFiltererTest" time="0.001"/>
  <system-out><![CDATA[]]></system-out>
  <system-err><![CDATA[]]></system-err>
</testsuite>
