<?xml version="1.0" encoding="UTF-8"?>
<testsuite name="com.aor.numbers.ListDeduplicatorSpockTest" tests="2" skipped="0" failures="0" errors="0" timestamp="2022-11-08T23:59:35" hostname="DESKTOP-LVI5H8M" time="0.005">
  <properties/>
  <testcase name="testing: deduplicate" classname="com.aor.numbers.ListDeduplicatorSpockTest" time="0.005"/>
  <testcase name="testing: deduplicate bug 8726" classname="com.aor.numbers.ListDeduplicatorSpockTest" time="0.0"/>
  <system-out><![CDATA[]]></system-out>
  <system-err><![CDATA[]]></system-err>
</testsuite>
