<?xml version="1.0" encoding="UTF-8"?>
<testsuite name="com.aor.numbers.PositiveFilterTest" tests="3" skipped="0" failures="0" errors="0" timestamp="2022-10-18T08:41:28" hostname="FEUP-B103D03" time="0.002">
  <properties/>
  <testcase name="zero()" classname="com.aor.numbers.PositiveFilterTest" time="0.001"/>
  <testcase name="positive()" classname="com.aor.numbers.PositiveFilterTest" time="0.0"/>
  <testcase name="negative()" classname="com.aor.numbers.PositiveFilterTest" time="0.0"/>
  <system-out><![CDATA[]]></system-out>
  <system-err><![CDATA[]]></system-err>
</testsuite>
