<?xml version="1.0" encoding="UTF-8"?>
<testsuite name="com.aor.numbers.ListSorterSpockTest" tests="2" skipped="0" failures="0" errors="0" timestamp="2022-11-08T23:59:35" hostname="DESKTOP-LVI5H8M" time="0.002">
  <properties/>
  <testcase name="Testing: sort" classname="com.aor.numbers.ListSorterSpockTest" time="0.001"/>
  <testcase name="Testing deduplicate bug 8726" classname="com.aor.numbers.ListSorterSpockTest" time="0.0"/>
  <system-out><![CDATA[]]></system-out>
  <system-err><![CDATA[]]></system-err>
</testsuite>
