<?xml version="1.0" encoding="UTF-8"?>
<testsuite name="com.aor.numbers.PositiveFilterSpockTest" tests="1" skipped="0" failures="0" errors="0" timestamp="2022-11-08T23:59:35" hostname="DESKTOP-LVI5H8M" time="0.004">
  <properties/>
  <testcase name="Testing: accept" classname="com.aor.numbers.PositiveFilterSpockTest" time="0.004"/>
  <system-out><![CDATA[]]></system-out>
  <system-err><![CDATA[]]></system-err>
</testsuite>
